train.py  --model_path  ./NPR.pth
Found classes: ['adm', 'biggan', 'glide', 'midjourney', 'sdv5', 'vqdm', 'wukong']
cwd: /content/drive/MyDrive/NPR
2025_11_11_12_30_58 Train loss: 0.4570668637752533 at step: 400 lr 0.0002
Found classes: ['adm', 'biggan', 'glide', 'midjourney', 'sdv5', 'vqdm', 'wukong']
Total samples: 7000
Real images (label 0): 3500
Fake images (label 1): 3500
Unique labels: [0 1]
Predictions range: [0.0052, 1.0000]

==================================================
PER-CLASS METRICS:
==================================================
Real Images (Class 0):
  - Accuracy: 97.97%
  - Precision: 63.67%
  - Support: 3500 samples

Fake Images (Class 1):
  - Accuracy: 44.09%
  - Precision: 95.60%
  - Support: 3500 samples

OVERALL METRICS:
  - Accuracy: 71.03%
  - Average Precision: 89.19%
==================================================
(Val @ epoch 0) acc: 0.7102857142857143; ap: 0.8918808689889408
2025_11_11_12_37_25 Train loss: 0.3221128582954407 at step: 800 lr 0.0002
Found classes: ['adm', 'biggan', 'glide', 'midjourney', 'sdv5', 'vqdm', 'wukong']
Total samples: 7000
Real images (label 0): 3500
Fake images (label 1): 3500
Unique labels: [0 1]
Predictions range: [0.0000, 1.0000]

==================================================
PER-CLASS METRICS:
==================================================
Real Images (Class 0):
  - Accuracy: 94.66%
  - Precision: 78.34%
  - Support: 3500 samples

Fake Images (Class 1):
  - Accuracy: 73.83%
  - Precision: 93.25%
  - Support: 3500 samples

OVERALL METRICS:
  - Accuracy: 84.24%
  - Average Precision: 93.48%
==================================================
(Val @ epoch 1) acc: 0.8424285714285714; ap: 0.9347654135499162
2025_11_11_12_43_50 Train loss: 0.09440572559833527 at step: 1200 lr 0.0002
Found classes: ['adm', 'biggan', 'glide', 'midjourney', 'sdv5', 'vqdm', 'wukong']
Total samples: 7000
Real images (label 0): 3500
Fake images (label 1): 3500
Unique labels: [0 1]
Predictions range: [0.0000, 1.0000]

==================================================
PER-CLASS METRICS:
==================================================
Real Images (Class 0):
  - Accuracy: 93.00%
  - Precision: 91.18%
  - Support: 3500 samples

Fake Images (Class 1):
  - Accuracy: 91.00%
  - Precision: 92.86%
  - Support: 3500 samples

OVERALL METRICS:
  - Accuracy: 92.00%
  - Average Precision: 97.85%
==================================================
(Val @ epoch 2) acc: 0.92; ap: 0.978506192648472
2025_11_11_12_50_16 Train loss: 0.22461292147636414 at step: 1600 lr 0.0002
Found classes: ['adm', 'biggan', 'glide', 'midjourney', 'sdv5', 'vqdm', 'wukong']
Total samples: 7000
Real images (label 0): 3500
Fake images (label 1): 3500
Unique labels: [0 1]
Predictions range: [0.0000, 1.0000]

==================================================
PER-CLASS METRICS:
==================================================
Real Images (Class 0):
  - Accuracy: 90.66%
  - Precision: 93.13%
  - Support: 3500 samples

Fake Images (Class 1):
  - Accuracy: 93.31%
  - Precision: 90.90%
  - Support: 3500 samples

OVERALL METRICS:
  - Accuracy: 91.99%
  - Average Precision: 98.02%
==================================================
(Val @ epoch 3) acc: 0.9198571428571428; ap: 0.980167153750618
2025_11_11_12_56_44 Train loss: 0.10358753055334091 at step: 2000 lr 0.0002
Found classes: ['adm', 'biggan', 'glide', 'midjourney', 'sdv5', 'vqdm', 'wukong']
Total samples: 7000
Real images (label 0): 3500
Fake images (label 1): 3500
Unique labels: [0 1]
Predictions range: [0.0000, 1.0000]

==================================================
PER-CLASS METRICS:
==================================================
Real Images (Class 0):
  - Accuracy: 92.89%
  - Precision: 94.86%
  - Support: 3500 samples

Fake Images (Class 1):
  - Accuracy: 94.97%
  - Precision: 93.03%
  - Support: 3500 samples

OVERALL METRICS:
  - Accuracy: 93.93%
  - Average Precision: 98.75%
==================================================
(Val @ epoch 4) acc: 0.9392857142857143; ap: 0.9875261704183869
2025_11_11_13_03_13 Train loss: 0.12067707628011703 at step: 2400 lr 0.0002
Found classes: ['adm', 'biggan', 'glide', 'midjourney', 'sdv5', 'vqdm', 'wukong']
Total samples: 7000
Real images (label 0): 3500
Fake images (label 1): 3500
Unique labels: [0 1]
Predictions range: [0.0000, 1.0000]

==================================================
PER-CLASS METRICS:
==================================================
Real Images (Class 0):
  - Accuracy: 95.91%
  - Precision: 94.51%
  - Support: 3500 samples

Fake Images (Class 1):
  - Accuracy: 94.43%
  - Precision: 95.85%
  - Support: 3500 samples

OVERALL METRICS:
  - Accuracy: 95.17%
  - Average Precision: 99.09%
==================================================
(Val @ epoch 5) acc: 0.9517142857142857; ap: 0.9908998107975587
2025_11_11_13_09_36 Train loss: 0.12910228967666626 at step: 2800 lr 0.0002
Found classes: ['adm', 'biggan', 'glide', 'midjourney', 'sdv5', 'vqdm', 'wukong']
Total samples: 7000
Real images (label 0): 3500
Fake images (label 1): 3500
Unique labels: [0 1]
Predictions range: [0.0000, 1.0000]

==================================================
PER-CLASS METRICS:
==================================================
Real Images (Class 0):
  - Accuracy: 98.11%
  - Precision: 93.01%
  - Support: 3500 samples

Fake Images (Class 1):
  - Accuracy: 92.63%
  - Precision: 98.00%
  - Support: 3500 samples

OVERALL METRICS:
  - Accuracy: 95.37%
  - Average Precision: 99.24%
==================================================
(Val @ epoch 6) acc: 0.9537142857142857; ap: 0.9924250780149787
2025_11_11_13_16_06 Train loss: 0.1045699417591095 at step: 3200 lr 0.0002
Found classes: ['adm', 'biggan', 'glide', 'midjourney', 'sdv5', 'vqdm', 'wukong']
Total samples: 7000
Real images (label 0): 3500
Fake images (label 1): 3500
Unique labels: [0 1]
Predictions range: [0.0000, 1.0000]

==================================================
PER-CLASS METRICS:
==================================================
Real Images (Class 0):
  - Accuracy: 81.66%
  - Precision: 96.23%
  - Support: 3500 samples

Fake Images (Class 1):
  - Accuracy: 96.80%
  - Precision: 84.07%
  - Support: 3500 samples

OVERALL METRICS:
  - Accuracy: 89.23%
  - Average Precision: 92.92%
==================================================
(Val @ epoch 7) acc: 0.8922857142857142; ap: 0.9291695488357571
2025_11_11_13_22_35 Train loss: 0.08696499466896057 at step: 3600 lr 0.0002
Found classes: ['adm', 'biggan', 'glide', 'midjourney', 'sdv5', 'vqdm', 'wukong']
Total samples: 7000
Real images (label 0): 3500
Fake images (label 1): 3500
Unique labels: [0 1]
Predictions range: [0.0000, 1.0000]

==================================================
PER-CLASS METRICS:
==================================================
Real Images (Class 0):
  - Accuracy: 96.74%
  - Precision: 96.14%
  - Support: 3500 samples

Fake Images (Class 1):
  - Accuracy: 96.11%
  - Precision: 96.72%
  - Support: 3500 samples

OVERALL METRICS:
  - Accuracy: 96.43%
  - Average Precision: 99.41%
==================================================
(Val @ epoch 8) acc: 0.9642857142857143; ap: 0.9940884334694778
2025_11_11_13_29_09 Train loss: 0.13134826719760895 at step: 4000 lr 0.0002
Found classes: ['adm', 'biggan', 'glide', 'midjourney', 'sdv5', 'vqdm', 'wukong']
Total samples: 7000
Real images (label 0): 3500
Fake images (label 1): 3500
Unique labels: [0 1]
Predictions range: [0.0000, 1.0000]

==================================================
PER-CLASS METRICS:
==================================================
Real Images (Class 0):
  - Accuracy: 95.74%
  - Precision: 97.24%
  - Support: 3500 samples

Fake Images (Class 1):
  - Accuracy: 97.29%
  - Precision: 95.81%
  - Support: 3500 samples

OVERALL METRICS:
  - Accuracy: 96.51%
  - Average Precision: 99.49%
==================================================
(Val @ epoch 9) acc: 0.9651428571428572; ap: 0.9948930853250193
Saving model ./checkpoints/7class-adm-biggan-glide-midjourney-sdv5-vqdm-wukong2025_11_11_12_25_34/model_epoch_last.pth
