train.py  --model_path  ./NPR.pth
Found classes: ['adm', 'biggan', 'glide', 'midjourney', 'sdv5', 'vqdm', 'wukong']
cwd: /content/drive/MyDrive/NPR
2025_11_13_06_59_21 Train loss: 0.44924795627593994 at step: 400 lr 0.0002
Found classes: ['adm', 'biggan', 'glide', 'midjourney', 'sdv5', 'vqdm', 'wukong']
Total samples: 7000
Real images (label 0): 3500
Fake images (label 1): 3500
Unique labels: [0 1]
Predictions range: [0.0250, 0.9996]

==================================================
PER-CLASS METRICS:
==================================================
Real Images (Class 0):
  - Accuracy: 64.11%
  - Precision: 80.29%
  - Support: 3500 samples

Fake Images (Class 1):
  - Accuracy: 84.26%
  - Precision: 70.13%
  - Support: 3500 samples

OVERALL METRICS:
  - Accuracy: 74.19%
  - Average Precision: 86.25%
==================================================
(Val @ epoch 0) acc: 0.7418571428571429; ap: 0.8625426533772302
2025_11_13_07_15_27 Train loss: 0.45736193656921387 at step: 800 lr 0.0002
Found classes: ['adm', 'biggan', 'glide', 'midjourney', 'sdv5', 'vqdm', 'wukong']
Total samples: 7000
Real images (label 0): 3500
Fake images (label 1): 3500
Unique labels: [0 1]
Predictions range: [0.0200, 1.0000]

==================================================
PER-CLASS METRICS:
==================================================
Real Images (Class 0):
  - Accuracy: 38.69%
  - Precision: 93.83%
  - Support: 3500 samples

Fake Images (Class 1):
  - Accuracy: 97.46%
  - Precision: 61.38%
  - Support: 3500 samples

OVERALL METRICS:
  - Accuracy: 68.07%
  - Average Precision: 87.74%
==================================================
(Val @ epoch 1) acc: 0.6807142857142857; ap: 0.877408014093437
2025_11_13_07_22_21 Train loss: 0.36920011043548584 at step: 1200 lr 0.0002
Found classes: ['adm', 'biggan', 'glide', 'midjourney', 'sdv5', 'vqdm', 'wukong']
Total samples: 7000
Real images (label 0): 3500
Fake images (label 1): 3500
Unique labels: [0 1]
Predictions range: [0.0000, 1.0000]

==================================================
PER-CLASS METRICS:
==================================================
Real Images (Class 0):
  - Accuracy: 69.06%
  - Precision: 92.57%
  - Support: 3500 samples

Fake Images (Class 1):
  - Accuracy: 94.46%
  - Precision: 75.32%
  - Support: 3500 samples

OVERALL METRICS:
  - Accuracy: 81.76%
  - Average Precision: 93.52%
==================================================
(Val @ epoch 2) acc: 0.8175714285714286; ap: 0.9351885240267359
2025_11_13_07_29_19 Train loss: 0.23967038094997406 at step: 1600 lr 0.0002
Found classes: ['adm', 'biggan', 'glide', 'midjourney', 'sdv5', 'vqdm', 'wukong']
Total samples: 7000
Real images (label 0): 3500
Fake images (label 1): 3500
Unique labels: [0 1]
Predictions range: [0.0000, 1.0000]

==================================================
PER-CLASS METRICS:
==================================================
Real Images (Class 0):
  - Accuracy: 92.91%
  - Precision: 90.51%
  - Support: 3500 samples

Fake Images (Class 1):
  - Accuracy: 90.26%
  - Precision: 92.72%
  - Support: 3500 samples

OVERALL METRICS:
  - Accuracy: 91.59%
  - Average Precision: 97.63%
==================================================
(Val @ epoch 3) acc: 0.9158571428571428; ap: 0.9763461644186292
2025_11_13_07_36_15 Train loss: 0.14598622918128967 at step: 2000 lr 0.0002
Found classes: ['adm', 'biggan', 'glide', 'midjourney', 'sdv5', 'vqdm', 'wukong']
Total samples: 7000
Real images (label 0): 3500
Fake images (label 1): 3500
Unique labels: [0 1]
Predictions range: [0.0000, 1.0000]

==================================================
PER-CLASS METRICS:
==================================================
Real Images (Class 0):
  - Accuracy: 91.74%
  - Precision: 85.56%
  - Support: 3500 samples

Fake Images (Class 1):
  - Accuracy: 84.51%
  - Precision: 91.10%
  - Support: 3500 samples

OVERALL METRICS:
  - Accuracy: 88.13%
  - Average Precision: 95.85%
==================================================
(Val @ epoch 4) acc: 0.8812857142857143; ap: 0.9585116643001391
2025_11_13_07_43_12 Train loss: 0.2463615983724594 at step: 2400 lr 0.0002
Found classes: ['adm', 'biggan', 'glide', 'midjourney', 'sdv5', 'vqdm', 'wukong']
Total samples: 7000
Real images (label 0): 3500
Fake images (label 1): 3500
Unique labels: [0 1]
Predictions range: [0.0000, 1.0000]

==================================================
PER-CLASS METRICS:
==================================================
Real Images (Class 0):
  - Accuracy: 85.46%
  - Precision: 97.49%
  - Support: 3500 samples

Fake Images (Class 1):
  - Accuracy: 97.80%
  - Precision: 87.05%
  - Support: 3500 samples

OVERALL METRICS:
  - Accuracy: 91.63%
  - Average Precision: 98.74%
==================================================
(Val @ epoch 5) acc: 0.9162857142857143; ap: 0.9873949944678218
2025_11_13_07_50_13 Train loss: 0.12096891552209854 at step: 2800 lr 0.0002
Found classes: ['adm', 'biggan', 'glide', 'midjourney', 'sdv5', 'vqdm', 'wukong']
Total samples: 7000
Real images (label 0): 3500
Fake images (label 1): 3500
Unique labels: [0 1]
Predictions range: [0.0000, 1.0000]

==================================================
PER-CLASS METRICS:
==================================================
Real Images (Class 0):
  - Accuracy: 90.09%
  - Precision: 96.25%
  - Support: 3500 samples

Fake Images (Class 1):
  - Accuracy: 96.49%
  - Precision: 90.68%
  - Support: 3500 samples

OVERALL METRICS:
  - Accuracy: 93.29%
  - Average Precision: 98.81%
==================================================
(Val @ epoch 6) acc: 0.9328571428571428; ap: 0.988118657314888
2025_11_13_07_57_04 Train loss: 0.08655694872140884 at step: 3200 lr 0.0002
Found classes: ['adm', 'biggan', 'glide', 'midjourney', 'sdv5', 'vqdm', 'wukong']
Total samples: 7000
Real images (label 0): 3500
Fake images (label 1): 3500
Unique labels: [0 1]
Predictions range: [0.0000, 1.0000]

==================================================
PER-CLASS METRICS:
==================================================
Real Images (Class 0):
  - Accuracy: 97.29%
  - Precision: 90.17%
  - Support: 3500 samples

Fake Images (Class 1):
  - Accuracy: 89.40%
  - Precision: 97.05%
  - Support: 3500 samples

OVERALL METRICS:
  - Accuracy: 93.34%
  - Average Precision: 98.56%
==================================================
(Val @ epoch 7) acc: 0.9334285714285714; ap: 0.9855830874880107
2025_11_13_08_03_57 Train loss: 0.10330173373222351 at step: 3600 lr 0.0002
Found classes: ['adm', 'biggan', 'glide', 'midjourney', 'sdv5', 'vqdm', 'wukong']
Total samples: 7000
Real images (label 0): 3500
Fake images (label 1): 3500
Unique labels: [0 1]
Predictions range: [0.0000, 1.0000]

==================================================
PER-CLASS METRICS:
==================================================
Real Images (Class 0):
  - Accuracy: 82.11%
  - Precision: 98.86%
  - Support: 3500 samples

Fake Images (Class 1):
  - Accuracy: 99.06%
  - Precision: 84.71%
  - Support: 3500 samples

OVERALL METRICS:
  - Accuracy: 90.59%
  - Average Precision: 98.95%
==================================================
(Val @ epoch 8) acc: 0.9058571428571428; ap: 0.9895222083615688
2025_11_13_08_10_50 Train loss: 0.06919647753238678 at step: 4000 lr 0.0002
Found classes: ['adm', 'biggan', 'glide', 'midjourney', 'sdv5', 'vqdm', 'wukong']
Total samples: 7000
Real images (label 0): 3500
Fake images (label 1): 3500
Unique labels: [0 1]
Predictions range: [0.0000, 1.0000]

==================================================
PER-CLASS METRICS:
==================================================
Real Images (Class 0):
  - Accuracy: 95.66%
  - Precision: 96.71%
  - Support: 3500 samples

Fake Images (Class 1):
  - Accuracy: 96.74%
  - Precision: 95.70%
  - Support: 3500 samples

OVERALL METRICS:
  - Accuracy: 96.20%
  - Average Precision: 99.36%
==================================================
(Val @ epoch 9) acc: 0.962; ap: 0.9935866608448227
2025_11_13_08_17_48 Train loss: 0.08528167009353638 at step: 4400 lr 0.0002
2025_11_13_08_23_12 Train loss: 0.09643016755580902 at step: 4800 lr 0.0002
2025_11_13_08_23_24 changing lr at the end of epoch 10, iters 4818
*************************
Changing lr from 0.0002 to 0.00018
*************************
Found classes: ['adm', 'biggan', 'glide', 'midjourney', 'sdv5', 'vqdm', 'wukong']
Total samples: 7000
Real images (label 0): 3500
Fake images (label 1): 3500
Unique labels: [0 1]
Predictions range: [0.0000, 1.0000]

==================================================
PER-CLASS METRICS:
==================================================
Real Images (Class 0):
  - Accuracy: 94.77%
  - Precision: 97.30%
  - Support: 3500 samples

Fake Images (Class 1):
  - Accuracy: 97.37%
  - Precision: 94.90%
  - Support: 3500 samples

OVERALL METRICS:
  - Accuracy: 96.07%
  - Average Precision: 99.32%
==================================================
(Val @ epoch 10) acc: 0.9607142857142857; ap: 0.9932404689484178
2025_11_13_08_30_07 Train loss: 0.1232793927192688 at step: 5200 lr 0.00018
Found classes: ['adm', 'biggan', 'glide', 'midjourney', 'sdv5', 'vqdm', 'wukong']
Total samples: 7000
Real images (label 0): 3500
Fake images (label 1): 3500
Unique labels: [0 1]
Predictions range: [0.0000, 1.0000]

==================================================
PER-CLASS METRICS:
==================================================
Real Images (Class 0):
  - Accuracy: 92.20%
  - Precision: 97.40%
  - Support: 3500 samples

Fake Images (Class 1):
  - Accuracy: 97.54%
  - Precision: 92.60%
  - Support: 3500 samples

OVERALL METRICS:
  - Accuracy: 94.87%
  - Average Precision: 99.15%
==================================================
(Val @ epoch 11) acc: 0.9487142857142857; ap: 0.9915496820684301
2025_11_13_08_37_00 Train loss: 0.1094323992729187 at step: 5600 lr 0.00018
Found classes: ['adm', 'biggan', 'glide', 'midjourney', 'sdv5', 'vqdm', 'wukong']
Total samples: 7000
Real images (label 0): 3500
Fake images (label 1): 3500
Unique labels: [0 1]
Predictions range: [0.0000, 1.0000]

==================================================
PER-CLASS METRICS:
==================================================
Real Images (Class 0):
  - Accuracy: 98.17%
  - Precision: 94.86%
  - Support: 3500 samples

Fake Images (Class 1):
  - Accuracy: 94.69%
  - Precision: 98.11%
  - Support: 3500 samples

OVERALL METRICS:
  - Accuracy: 96.43%
  - Average Precision: 99.48%
==================================================
(Val @ epoch 12) acc: 0.9642857142857143; ap: 0.9948132564608501
2025_11_13_08_43_56 Train loss: 0.047056280076503754 at step: 6000 lr 0.00018
Found classes: ['adm', 'biggan', 'glide', 'midjourney', 'sdv5', 'vqdm', 'wukong']
Total samples: 7000
Real images (label 0): 3500
Fake images (label 1): 3500
Unique labels: [0 1]
Predictions range: [0.0000, 1.0000]

==================================================
PER-CLASS METRICS:
==================================================
Real Images (Class 0):
  - Accuracy: 97.43%
  - Precision: 93.25%
  - Support: 3500 samples

Fake Images (Class 1):
  - Accuracy: 92.94%
  - Precision: 97.31%
  - Support: 3500 samples

OVERALL METRICS:
  - Accuracy: 95.19%
  - Average Precision: 99.22%
==================================================
(Val @ epoch 13) acc: 0.9518571428571428; ap: 0.9922161016840699
2025_11_13_08_50_50 Train loss: 0.12008000910282135 at step: 6400 lr 0.00018
Found classes: ['adm', 'biggan', 'glide', 'midjourney', 'sdv5', 'vqdm', 'wukong']
Total samples: 7000
Real images (label 0): 3500
Fake images (label 1): 3500
Unique labels: [0 1]
Predictions range: [0.0000, 1.0000]

==================================================
PER-CLASS METRICS:
==================================================
Real Images (Class 0):
  - Accuracy: 96.89%
  - Precision: 95.55%
  - Support: 3500 samples

Fake Images (Class 1):
  - Accuracy: 95.49%
  - Precision: 96.84%
  - Support: 3500 samples

OVERALL METRICS:
  - Accuracy: 96.19%
  - Average Precision: 99.43%
==================================================
(Val @ epoch 14) acc: 0.9618571428571429; ap: 0.994265191452601
2025_11_13_08_57_45 Train loss: 0.13996390998363495 at step: 6800 lr 0.00018
Found classes: ['adm', 'biggan', 'glide', 'midjourney', 'sdv5', 'vqdm', 'wukong']
Total samples: 7000
Real images (label 0): 3500
Fake images (label 1): 3500
Unique labels: [0 1]
Predictions range: [0.0000, 1.0000]

==================================================
PER-CLASS METRICS:
==================================================
Real Images (Class 0):
  - Accuracy: 95.46%
  - Precision: 98.12%
  - Support: 3500 samples

Fake Images (Class 1):
  - Accuracy: 98.17%
  - Precision: 95.58%
  - Support: 3500 samples

OVERALL METRICS:
  - Accuracy: 96.81%
  - Average Precision: 99.61%
==================================================
(Val @ epoch 15) acc: 0.9681428571428572; ap: 0.9961383705203632
2025_11_13_09_04_42 Train loss: 0.03428957611322403 at step: 7200 lr 0.00018
Found classes: ['adm', 'biggan', 'glide', 'midjourney', 'sdv5', 'vqdm', 'wukong']
Total samples: 7000
Real images (label 0): 3500
Fake images (label 1): 3500
Unique labels: [0 1]
Predictions range: [0.0000, 1.0000]

==================================================
PER-CLASS METRICS:
==================================================
Real Images (Class 0):
  - Accuracy: 97.11%
  - Precision: 96.18%
  - Support: 3500 samples

Fake Images (Class 1):
  - Accuracy: 96.14%
  - Precision: 97.09%
  - Support: 3500 samples

OVERALL METRICS:
  - Accuracy: 96.63%
  - Average Precision: 99.42%
==================================================
(Val @ epoch 16) acc: 0.9662857142857143; ap: 0.9942456507736109
2025_11_13_09_11_30 Train loss: 0.09448591619729996 at step: 7600 lr 0.00018
Found classes: ['adm', 'biggan', 'glide', 'midjourney', 'sdv5', 'vqdm', 'wukong']
Total samples: 7000
Real images (label 0): 3500
Fake images (label 1): 3500
Unique labels: [0 1]
Predictions range: [0.0000, 1.0000]

==================================================
PER-CLASS METRICS:
==================================================
Real Images (Class 0):
  - Accuracy: 98.06%
  - Precision: 96.76%
  - Support: 3500 samples

Fake Images (Class 1):
  - Accuracy: 96.71%
  - Precision: 98.03%
  - Support: 3500 samples

OVERALL METRICS:
  - Accuracy: 97.39%
  - Average Precision: 99.63%
==================================================
(Val @ epoch 17) acc: 0.9738571428571429; ap: 0.9962506371410517
2025_11_13_09_18_26 Train loss: 0.17664213478565216 at step: 8000 lr 0.00018
Found classes: ['adm', 'biggan', 'glide', 'midjourney', 'sdv5', 'vqdm', 'wukong']
Total samples: 7000
Real images (label 0): 3500
Fake images (label 1): 3500
Unique labels: [0 1]
Predictions range: [0.0000, 1.0000]

==================================================
PER-CLASS METRICS:
==================================================
Real Images (Class 0):
  - Accuracy: 97.23%
  - Precision: 96.65%
  - Support: 3500 samples

Fake Images (Class 1):
  - Accuracy: 96.63%
  - Precision: 97.21%
  - Support: 3500 samples

OVERALL METRICS:
  - Accuracy: 96.93%
  - Average Precision: 99.54%
==================================================
(Val @ epoch 18) acc: 0.9692857142857143; ap: 0.9953966196558757
2025_11_13_09_25_30 Train loss: 0.10313255339860916 at step: 8400 lr 0.00018
Found classes: ['adm', 'biggan', 'glide', 'midjourney', 'sdv5', 'vqdm', 'wukong']
Total samples: 7000
Real images (label 0): 3500
Fake images (label 1): 3500
Unique labels: [0 1]
Predictions range: [0.0000, 1.0000]

==================================================
PER-CLASS METRICS:
==================================================
Real Images (Class 0):
  - Accuracy: 96.03%
  - Precision: 98.05%
  - Support: 3500 samples

Fake Images (Class 1):
  - Accuracy: 98.09%
  - Precision: 96.11%
  - Support: 3500 samples

OVERALL METRICS:
  - Accuracy: 97.06%
  - Average Precision: 99.62%
==================================================
(Val @ epoch 19) acc: 0.9705714285714285; ap: 0.99622063681329
Saving model ./checkpoints/7class-adm-biggan-glide-midjourney-sdv5-vqdm-wukong2025_11_13_06_30_09/model_epoch_last.pth
