Results for imagenet_glide:
              precision    recall  f1-score   support

          ai       0.98      0.82      0.89       500
      nature       0.85      0.99      0.91       500

    accuracy                           0.90      1000
   macro avg       0.91      0.90      0.90      1000
weighted avg       0.91      0.90      0.90      1000

Results for imagenet_midjourney:
              precision    recall  f1-score   support

          ai       0.75      0.84      0.79       500
      nature       0.81      0.72      0.77       500

    accuracy                           0.78      1000
   macro avg       0.78      0.78      0.78      1000
weighted avg       0.78      0.78      0.78      1000

Results for imagenet_ai_0508_adm:
              precision    recall  f1-score   support

          ai       0.97      0.86      0.91       500
      nature       0.87      0.97      0.92       500

    accuracy                           0.91      1000
   macro avg       0.92      0.91      0.91      1000
weighted avg       0.92      0.91      0.91      1000

Results for imagenet_ai_0419_biggan:
              precision    recall  f1-score   support

          ai       1.00      0.86      0.92       500
      nature       0.87      1.00      0.93       500

    accuracy                           0.93      1000
   macro avg       0.93      0.93      0.93      1000
weighted avg       0.93      0.93      0.93      1000

Results for imagenet_ai_0424_wukong:
              precision    recall  f1-score   support

          ai       0.86      0.87      0.86       500
      nature       0.87      0.86      0.86       500

    accuracy                           0.86      1000
   macro avg       0.86      0.86      0.86      1000
weighted avg       0.86      0.86      0.86      1000

Results for imagenet_ai_0424_sdv5:
              precision    recall  f1-score   support

          ai       0.91      0.84      0.87       500
      nature       0.85      0.91      0.88       500

    accuracy                           0.88      1000
   macro avg       0.88      0.88      0.88      1000
weighted avg       0.88      0.88      0.88      1000

Results for imagenet_ai_0419_vqdm:
              precision    recall  f1-score   support

          ai       0.81      0.85      0.83       500
      nature       0.84      0.80      0.82       500

    accuracy                           0.82      1000
   macro avg       0.82      0.82      0.82      1000
weighted avg       0.82      0.82      0.82      1000
